INFO: [VRFC 10-2263] Analyzing Verilog file "D:/Vivado_Projects/FFT_DMA/FFT_DMA.ip_user_files/bd/Block_design/ip/Block_design_processing_system7_0_1/sim/Block_design_processing_system7_0_1.v" into library xil_defaultlib
INFO: [VRFC 10-311] analyzing module Block_design_processing_system7_0_1
INFO: [VRFC 10-2263] Analyzing Verilog file "D:/Vivado_Projects/FFT_DMA/FFT_DMA.ip_user_files/bd/Block_design/ip/Block_design_auto_pc_0/sim/Block_design_auto_pc_0.v" into library xil_defaultlib
INFO: [VRFC 10-311] analyzing module Block_design_auto_pc_0
INFO: [VRFC 10-2263] Analyzing Verilog file "D:/Vivado_Projects/FFT_DMA/FFT_DMA.ip_user_files/bd/Block_design/ip/Block_design_xbar_1/sim/Block_design_xbar_1.v" into library xil_defaultlib
INFO: [VRFC 10-311] analyzing module Block_design_xbar_1
INFO: [VRFC 10-2263] Analyzing Verilog file "D:/Vivado_Projects/FFT_DMA/FFT_DMA.ip_user_files/bd/Block_design/ip/Block_design_auto_pc_1/sim/Block_design_auto_pc_1.v" into library xil_defaultlib
INFO: [VRFC 10-311] analyzing module Block_design_auto_pc_1
INFO: [VRFC 10-2263] Analyzing Verilog file "D:/Vivado_Projects/FFT_DMA/FFT_DMA.ip_user_files/bd/Block_design/ip/Block_design_xlconcat_0_0/sim/Block_design_xlconcat_0_0.v" into library xil_defaultlib
INFO: [VRFC 10-311] analyzing module Block_design_xlconcat_0_0
INFO: [VRFC 10-2263] Analyzing Verilog file "D:/Vivado_Projects/FFT_DMA/FFT_DMA.ip_user_files/bd/Block_design/ip/Block_design_xlconstant_0_0/sim/Block_design_xlconstant_0_0.v" into library xil_defaultlib
INFO: [VRFC 10-311] analyzing module Block_design_xlconstant_0_0
INFO: [VRFC 10-2263] Analyzing Verilog file "D:/Vivado_Projects/FFT_DMA/FFT_DMA.ip_user_files/bd/Block_design/ip/Block_design_xlconstant_1_0/sim/Block_design_xlconstant_1_0.v" into library xil_defaultlib
INFO: [VRFC 10-311] analyzing module Block_design_xlconstant_1_0
INFO: [VRFC 10-2263] Analyzing Verilog file "D:/Vivado_Projects/FFT_DMA/FFT_DMA.ip_user_files/bd/Block_design/ip/Block_design_system_ila_0_0/bd_0/ip/ip_1/bd_25ec_g_inst_0_gigantic_mux.v" into library xil_defaultlib
INFO: [VRFC 10-311] analyzing module bd_25ec_g_inst_0_gigantic_mux
INFO: [VRFC 10-2263] Analyzing Verilog file "D:/Vivado_Projects/FFT_DMA/FFT_DMA.ip_user_files/bd/Block_design/ip/Block_design_system_ila_0_0/bd_0/ip/ip_1/sim/bd_25ec_g_inst_0.v" into library xil_defaultlib
INFO: [VRFC 10-311] analyzing module bd_25ec_g_inst_0
INFO: [VRFC 10-2263] Analyzing Verilog file "D:/Vivado_Projects/FFT_DMA/FFT_DMA.sim/sim_1/behav/xsim/glbl.v" into library xil_defaultlib
INFO: [VRFC 10-311] analyzing module glbl
INFO: [VRFC 10-163] Analyzing VHDL file "D:/Vivado_Projects/FFT_DMA/FFT_DMA.ip_user_files/bd/Block_design/ip/Block_design_axi_dma_0_1/sim/Block_design_axi_dma_0_1.vhd" into library xil_defaultlib
INFO: [VRFC 10-3107] analyzing entity 'Block_design_axi_dma_0_1'
INFO: [VRFC 10-163] Analyzing VHDL file "D:/Vivado_Projects/FFT_DMA/FFT_DMA.ip_user_files/bd/Block_design/ip/Block_design_rst_ps7_0_50M_2/sim/Block_design_rst_ps7_0_50M_2.vhd" into library xil_defaultlib
INFO: [VRFC 10-3107] analyzing entity 'Block_design_rst_ps7_0_50M_2'
INFO: [VRFC 10-163] Analyzing VHDL file "D:/Vivado_Projects/FFT_DMA/FFT_DMA.ip_user_files/bd/Block_design/ip/Block_design_xfft_0_0/sim/Block_design_xfft_0_0.vhd" into library xil_defaultlib
INFO: [VRFC 10-3107] analyzing entity 'Block_design_xfft_0_0'
INFO: [VRFC 10-163] Analyzing VHDL file "D:/Vivado_Projects/FFT_DMA/FFT_DMA.ip_user_files/bd/Block_design/ip/Block_design_system_ila_0_0/bd_0/ip/ip_0/sim/bd_25ec_ila_lib_0.vhd" into library xil_defaultlib
INFO: [VRFC 10-3107] analyzing entity 'bd_25ec_ila_lib_0'
INFO: [VRFC 10-163] Analyzing VHDL file "D:/Vivado_Projects/FFT_DMA/FFT_DMA.ip_user_files/bd/Block_design/ip/Block_design_system_ila_0_0/bd_0/sim/bd_25ec.vhd" into library xil_defaultlib
INFO: [VRFC 10-3107] analyzing entity 'bd_25ec'
INFO: [VRFC 10-163] Analyzing VHDL file "D:/Vivado_Projects/FFT_DMA/FFT_DMA.ip_user_files/bd/Block_design/ip/Block_design_system_ila_0_0/sim/Block_design_system_ila_0_0.vhd" into library xil_defaultlib
INFO: [VRFC 10-3107] analyzing entity 'Block_design_system_ila_0_0'
INFO: [VRFC 10-163] Analyzing VHDL file "D:/Vivado_Projects/FFT_DMA/FFT_DMA.ip_user_files/bd/Block_design/sim/Block_design.vhd" into library xil_defaultlib
INFO: [VRFC 10-3107] analyzing entity 'm00_couplers_imp_1RJN0LJ'
INFO: [VRFC 10-3107] analyzing entity 's00_couplers_imp_17B5XCI'
INFO: [VRFC 10-3107] analyzing entity 's00_couplers_imp_1WWW7X0'
INFO: [VRFC 10-3107] analyzing entity 's01_couplers_imp_1UFXSD0'
INFO: [VRFC 10-3107] analyzing entity 's02_couplers_imp_1NE5CPG'
INFO: [VRFC 10-3107] analyzing entity 'Block_design_axi_mem_intercon_2'
INFO: [VRFC 10-3107] analyzing entity 'Block_design_ps7_0_axi_periph_2'
INFO: [VRFC 10-3107] analyzing entity 'Block_design'
INFO: [VRFC 10-163] Analyzing VHDL file "D:/Vivado_Projects/FFT_DMA/FFT_DMA.gen/sources_1/bd/Block_design/hdl/Block_design_wrapper.vhd" into library xil_defaultlib
INFO: [VRFC 10-3107] analyzing entity 'Block_design_wrapper'
